{"/Users/ahmedaren/meet/src/App.jsx": {"path":"/Users/ahmedaren/meet/src/App.jsx","statementMap":{"0":{"start":{"line":6,"column":12},"end":{"line":13,"column":1}},"1":{"start":{"line":7,"column":1},"end":{"line":12,"column":3}}},"fnMap":{"0":{"name":"(anonymous_0)","decl":{"start":{"line":6,"column":12},"end":{"line":6,"column":13}},"loc":{"start":{"line":6,"column":18},"end":{"line":13,"column":1}},"line":6}},"branchMap":{},"s":{"0":1,"1":3},"f":{"0":3},"b":{},"_coverageSchema":"1a1c01bbd47fc00a2c39e90264f33305004495a9","hash":"7a59414917cafa4957efc456ebfbe1726a58d80a"}
,"/Users/ahmedaren/meet/src/api.js": {"path":"/Users/ahmedaren/meet/src/api.js","statementMap":{"0":{"start":{"line":12,"column":32},"end":{"line":16,"column":1}},"1":{"start":{"line":13,"column":29},"end":{"line":13,"column":66}},"2":{"start":{"line":13,"column":51},"end":{"line":13,"column":65}},"3":{"start":{"line":14,"column":20},"end":{"line":14,"column":52}},"4":{"start":{"line":15,"column":2},"end":{"line":15,"column":19}},"5":{"start":{"line":23,"column":25},"end":{"line":25,"column":1}},"6":{"start":{"line":24,"column":2},"end":{"line":24,"column":18}}},"fnMap":{"0":{"name":"(anonymous_0)","decl":{"start":{"line":12,"column":32},"end":{"line":12,"column":33}},"loc":{"start":{"line":12,"column":44},"end":{"line":16,"column":1}},"line":12},"1":{"name":"(anonymous_1)","decl":{"start":{"line":13,"column":40},"end":{"line":13,"column":41}},"loc":{"start":{"line":13,"column":51},"end":{"line":13,"column":65}},"line":13},"2":{"name":"(anonymous_2)","decl":{"start":{"line":23,"column":25},"end":{"line":23,"column":26}},"loc":{"start":{"line":23,"column":37},"end":{"line":25,"column":1}},"line":23}},"branchMap":{},"s":{"0":4,"1":2,"2":58,"3":2,"4":2,"5":4,"6":10},"f":{"0":2,"1":58,"2":10},"b":{},"_coverageSchema":"1a1c01bbd47fc00a2c39e90264f33305004495a9","hash":"983416cdaf2525ae18a95f35d3b685e200f07227"}
,"/Users/ahmedaren/meet/src/mock-data.js": {"path":"/Users/ahmedaren/meet/src/mock-data.js","statementMap":{"0":{"start":{"line":1,"column":17},"end":{"line":1146,"column":1}}},"fnMap":{},"branchMap":{},"s":{"0":4},"f":{},"b":{},"_coverageSchema":"1a1c01bbd47fc00a2c39e90264f33305004495a9","hash":"4fed78bbb697efa3eaa8189dfe964cec3b6c8298"}
,"/Users/ahmedaren/meet/src/components/CitySearch.jsx": {"path":"/Users/ahmedaren/meet/src/components/CitySearch.jsx","statementMap":{"0":{"start":{"line":4,"column":19},"end":{"line":47,"column":2}},"1":{"start":{"line":5,"column":50},"end":{"line":5,"column":65}},"2":{"start":{"line":6,"column":30},"end":{"line":6,"column":42}},"3":{"start":{"line":7,"column":40},"end":{"line":7,"column":52}},"4":{"start":{"line":9,"column":29},"end":{"line":17,"column":3}},"5":{"start":{"line":10,"column":18},"end":{"line":10,"column":36}},"6":{"start":{"line":11,"column":30},"end":{"line":13,"column":11}},"7":{"start":{"line":12,"column":6},"end":{"line":12,"column":70}},"8":{"start":{"line":15,"column":4},"end":{"line":15,"column":20}},"9":{"start":{"line":16,"column":4},"end":{"line":16,"column":38}},"10":{"start":{"line":18,"column":28},"end":{"line":22,"column":3}},"11":{"start":{"line":19,"column":18},"end":{"line":19,"column":42}},"12":{"start":{"line":20,"column":4},"end":{"line":20,"column":20}},"13":{"start":{"line":21,"column":4},"end":{"line":21,"column":30}},"14":{"start":{"line":24,"column":2},"end":{"line":46,"column":3}},"15":{"start":{"line":31,"column":27},"end":{"line":31,"column":51}},"16":{"start":{"line":37,"column":9},"end":{"line":37,"column":82}}},"fnMap":{"0":{"name":"(anonymous_0)","decl":{"start":{"line":4,"column":19},"end":{"line":4,"column":20}},"loc":{"start":{"line":4,"column":39},"end":{"line":47,"column":2}},"line":4},"1":{"name":"(anonymous_1)","decl":{"start":{"line":9,"column":29},"end":{"line":9,"column":30}},"loc":{"start":{"line":9,"column":40},"end":{"line":17,"column":3}},"line":9},"2":{"name":"(anonymous_2)","decl":{"start":{"line":11,"column":65},"end":{"line":11,"column":66}},"loc":{"start":{"line":11,"column":79},"end":{"line":13,"column":5}},"line":11},"3":{"name":"(anonymous_3)","decl":{"start":{"line":18,"column":28},"end":{"line":18,"column":29}},"loc":{"start":{"line":18,"column":39},"end":{"line":22,"column":3}},"line":18},"4":{"name":"(anonymous_4)","decl":{"start":{"line":31,"column":21},"end":{"line":31,"column":22}},"loc":{"start":{"line":31,"column":27},"end":{"line":31,"column":51}},"line":31},"5":{"name":"(anonymous_5)","decl":{"start":{"line":36,"column":27},"end":{"line":36,"column":28}},"loc":{"start":{"line":36,"column":43},"end":{"line":38,"column":11}},"line":36}},"branchMap":{"0":{"loc":{"start":{"line":11,"column":30},"end":{"line":13,"column":11}},"type":"cond-expr","locations":[{"start":{"line":11,"column":45},"end":{"line":13,"column":6}},{"start":{"line":13,"column":9},"end":{"line":13,"column":11}}],"line":11},"1":{"loc":{"start":{"line":34,"column":12},"end":{"line":43,"column":14}},"type":"cond-expr","locations":[{"start":{"line":35,"column":8},"end":{"line":42,"column":13}},{"start":{"line":43,"column":10},"end":{"line":43,"column":14}}],"line":34}},"s":{"0":2,"1":33,"2":33,"3":33,"4":33,"5":18,"6":18,"7":24,"8":18,"9":18,"10":33,"11":1,"12":1,"13":1,"14":33,"15":4,"16":12},"f":{"0":33,"1":18,"2":24,"3":1,"4":4,"5":12},"b":{"0":[12,6],"1":[22,11]},"_coverageSchema":"1a1c01bbd47fc00a2c39e90264f33305004495a9","hash":"fe9aee169882c435b883105c9cdfb8473d6a1309"}
,"/Users/ahmedaren/meet/src/components/Event.jsx": {"path":"/Users/ahmedaren/meet/src/components/Event.jsx","statementMap":{"0":{"start":{"line":4,"column":14},"end":{"line":30,"column":9}},"1":{"start":{"line":5,"column":37},"end":{"line":5,"column":52}},"2":{"start":{"line":7,"column":8},"end":{"line":29,"column":12}},"3":{"start":{"line":15,"column":31},"end":{"line":15,"column":59}}},"fnMap":{"0":{"name":"(anonymous_0)","decl":{"start":{"line":4,"column":14},"end":{"line":4,"column":15}},"loc":{"start":{"line":4,"column":25},"end":{"line":30,"column":9}},"line":4},"1":{"name":"(anonymous_1)","decl":{"start":{"line":15,"column":25},"end":{"line":15,"column":26}},"loc":{"start":{"line":15,"column":31},"end":{"line":15,"column":59}},"line":15}},"branchMap":{"0":{"loc":{"start":{"line":17,"column":17},"end":{"line":17,"column":62}},"type":"cond-expr","locations":[{"start":{"line":17,"column":31},"end":{"line":17,"column":45}},{"start":{"line":17,"column":48},"end":{"line":17,"column":62}}],"line":17},"1":{"loc":{"start":{"line":20,"column":15},"end":{"line":27,"column":15}},"type":"binary-expr","locations":[{"start":{"line":20,"column":15},"end":{"line":20,"column":26}},{"start":{"line":21,"column":16},"end":{"line":26,"column":22}}],"line":20}},"s":{"0":3,"1":10,"2":10,"3":3},"f":{"0":10,"1":3},"b":{"0":[2,8],"1":[10,2]},"_coverageSchema":"1a1c01bbd47fc00a2c39e90264f33305004495a9","hash":"4ea5643201e36d12d1bddd7b509f6c797bd566c4"}
,"/Users/ahmedaren/meet/src/components/EventList.js": {"path":"/Users/ahmedaren/meet/src/components/EventList.js","statementMap":{"0":{"start":{"line":4,"column":18},"end":{"line":11,"column":1}},"1":{"start":{"line":5,"column":2},"end":{"line":10,"column":4}},"2":{"start":{"line":8,"column":22},"end":{"line":8,"column":61}}},"fnMap":{"0":{"name":"(anonymous_0)","decl":{"start":{"line":4,"column":18},"end":{"line":4,"column":19}},"loc":{"start":{"line":4,"column":32},"end":{"line":11,"column":1}},"line":4},"1":{"name":"(anonymous_1)","decl":{"start":{"line":8,"column":13},"end":{"line":8,"column":14}},"loc":{"start":{"line":8,"column":22},"end":{"line":8,"column":61}},"line":8}},"branchMap":{"0":{"loc":{"start":{"line":7,"column":3},"end":{"line":8,"column":68}},"type":"cond-expr","locations":[{"start":{"line":8,"column":2},"end":{"line":8,"column":62}},{"start":{"line":8,"column":64},"end":{"line":8,"column":68}}],"line":7}},"s":{"0":2,"1":6,"2":1},"f":{"0":6,"1":1},"b":{"0":[1,5]},"_coverageSchema":"1a1c01bbd47fc00a2c39e90264f33305004495a9","hash":"93b14c7036b22ae439ee5891fb29215e920c36c9"}
,"/Users/ahmedaren/meet/src/components/NumberOfEvents.js": {"path":"/Users/ahmedaren/meet/src/components/NumberOfEvents.js","statementMap":{"0":{"start":{"line":4,"column":23},"end":{"line":33,"column":1}},"1":{"start":{"line":5,"column":29},"end":{"line":5,"column":49}},"2":{"start":{"line":7,"column":28},"end":{"line":18,"column":2}},"3":{"start":{"line":8,"column":16},"end":{"line":8,"column":34}},"4":{"start":{"line":9,"column":2},"end":{"line":9,"column":19}},"5":{"start":{"line":10,"column":2},"end":{"line":17,"column":3}},"6":{"start":{"line":11,"column":3},"end":{"line":11,"column":41}},"7":{"start":{"line":12,"column":9},"end":{"line":17,"column":3}},"8":{"start":{"line":13,"column":3},"end":{"line":13,"column":50}},"9":{"start":{"line":15,"column":3},"end":{"line":15,"column":21}},"10":{"start":{"line":16,"column":3},"end":{"line":16,"column":24}},"11":{"start":{"line":20,"column":1},"end":{"line":32,"column":3}}},"fnMap":{"0":{"name":"(anonymous_0)","decl":{"start":{"line":4,"column":23},"end":{"line":4,"column":24}},"loc":{"start":{"line":4,"column":73},"end":{"line":33,"column":1}},"line":4},"1":{"name":"(anonymous_1)","decl":{"start":{"line":7,"column":28},"end":{"line":7,"column":29}},"loc":{"start":{"line":7,"column":39},"end":{"line":18,"column":2}},"line":7}},"branchMap":{"0":{"loc":{"start":{"line":10,"column":2},"end":{"line":17,"column":3}},"type":"if","locations":[{"start":{"line":10,"column":2},"end":{"line":17,"column":3}},{"start":{"line":12,"column":9},"end":{"line":17,"column":3}}],"line":10},"1":{"loc":{"start":{"line":10,"column":6},"end":{"line":10,"column":32}},"type":"binary-expr","locations":[{"start":{"line":10,"column":6},"end":{"line":10,"column":18}},{"start":{"line":10,"column":22},"end":{"line":10,"column":32}}],"line":10},"2":{"loc":{"start":{"line":12,"column":9},"end":{"line":17,"column":3}},"type":"if","locations":[{"start":{"line":12,"column":9},"end":{"line":17,"column":3}},{"start":{"line":14,"column":9},"end":{"line":17,"column":3}}],"line":12}},"s":{"0":1,"1":6,"2":6,"3":3,"4":3,"5":3,"6":1,"7":2,"8":0,"9":2,"10":2,"11":6},"f":{"0":6,"1":3},"b":{"0":[1,2],"1":[3,3],"2":[0,2]},"_coverageSchema":"1a1c01bbd47fc00a2c39e90264f33305004495a9","hash":"f383bfb6361acc9a382dbfaa6afedcfbb66be3a1"}
}
