{"/Users/ahmedaren/meet/src/App.jsx": {"path":"/Users/ahmedaren/meet/src/App.jsx","statementMap":{"0":{"start":{"line":11,"column":12},"end":{"line":40,"column":1}},"1":{"start":{"line":12,"column":28},"end":{"line":12,"column":40}},"2":{"start":{"line":13,"column":34},"end":{"line":13,"column":46}},"3":{"start":{"line":14,"column":40},"end":{"line":14,"column":52}},"4":{"start":{"line":15,"column":38},"end":{"line":15,"column":64}},"5":{"start":{"line":17,"column":0},"end":{"line":19,"column":17}},"6":{"start":{"line":18,"column":2},"end":{"line":18,"column":14}},"7":{"start":{"line":21,"column":18},"end":{"line":29,"column":1}},"8":{"start":{"line":22,"column":21},"end":{"line":22,"column":38}},"9":{"start":{"line":23,"column":21},"end":{"line":23,"column":41}},"10":{"start":{"line":24,"column":25},"end":{"line":26,"column":61}},"11":{"start":{"line":26,"column":30},"end":{"line":26,"column":60}},"12":{"start":{"line":27,"column":2},"end":{"line":27,"column":49}},"13":{"start":{"line":28,"column":2},"end":{"line":28,"column":47}},"14":{"start":{"line":31,"column":1},"end":{"line":37,"column":3}}},"fnMap":{"0":{"name":"(anonymous_0)","decl":{"start":{"line":11,"column":12},"end":{"line":11,"column":13}},"loc":{"start":{"line":11,"column":18},"end":{"line":40,"column":1}},"line":11},"1":{"name":"(anonymous_1)","decl":{"start":{"line":17,"column":10},"end":{"line":17,"column":11}},"loc":{"start":{"line":17,"column":16},"end":{"line":19,"column":1}},"line":17},"2":{"name":"(anonymous_2)","decl":{"start":{"line":21,"column":18},"end":{"line":21,"column":19}},"loc":{"start":{"line":21,"column":30},"end":{"line":29,"column":1}},"line":21},"3":{"name":"(anonymous_3)","decl":{"start":{"line":26,"column":21},"end":{"line":26,"column":22}},"loc":{"start":{"line":26,"column":30},"end":{"line":26,"column":60}},"line":26}},"branchMap":{"0":{"loc":{"start":{"line":23,"column":21},"end":{"line":23,"column":41}},"type":"binary-expr","locations":[{"start":{"line":23,"column":21},"end":{"line":23,"column":35}},{"start":{"line":23,"column":39},"end":{"line":23,"column":41}}],"line":23},"1":{"loc":{"start":{"line":24,"column":25},"end":{"line":26,"column":61}},"type":"cond-expr","locations":[{"start":{"line":25,"column":4},"end":{"line":25,"column":13}},{"start":{"line":26,"column":4},"end":{"line":26,"column":61}}],"line":24}},"s":{"0":3,"1":12,"2":11,"3":11,"4":11,"5":11,"6":7,"7":11,"8":7,"9":7,"10":7,"11":29,"12":7,"13":7,"14":11},"f":{"0":12,"1":7,"2":7,"3":29},"b":{"0":[7,0],"1":[6,1]},"_coverageSchema":"1a1c01bbd47fc00a2c39e90264f33305004495a9","hash":"5936917655a73ca8e06a5d06cbc4fd734d22c0b6"}
,"/Users/ahmedaren/meet/src/api.js": {"path":"/Users/ahmedaren/meet/src/api.js","statementMap":{"0":{"start":{"line":12,"column":32},"end":{"line":16,"column":1}},"1":{"start":{"line":13,"column":29},"end":{"line":13,"column":66}},"2":{"start":{"line":13,"column":51},"end":{"line":13,"column":65}},"3":{"start":{"line":14,"column":20},"end":{"line":14,"column":52}},"4":{"start":{"line":15,"column":2},"end":{"line":15,"column":19}},"5":{"start":{"line":23,"column":25},"end":{"line":25,"column":1}},"6":{"start":{"line":24,"column":2},"end":{"line":24,"column":18}}},"fnMap":{"0":{"name":"(anonymous_0)","decl":{"start":{"line":12,"column":32},"end":{"line":12,"column":33}},"loc":{"start":{"line":12,"column":44},"end":{"line":16,"column":1}},"line":12},"1":{"name":"(anonymous_1)","decl":{"start":{"line":13,"column":40},"end":{"line":13,"column":41}},"loc":{"start":{"line":13,"column":51},"end":{"line":13,"column":65}},"line":13},"2":{"name":"(anonymous_2)","decl":{"start":{"line":23,"column":25},"end":{"line":23,"column":26}},"loc":{"start":{"line":23,"column":37},"end":{"line":25,"column":1}},"line":23}},"branchMap":{},"s":{"0":4,"1":10,"2":262,"3":10,"4":10,"5":4,"6":18},"f":{"0":10,"1":262,"2":18},"b":{},"_coverageSchema":"1a1c01bbd47fc00a2c39e90264f33305004495a9","hash":"983416cdaf2525ae18a95f35d3b685e200f07227"}
,"/Users/ahmedaren/meet/src/mock-data.js": {"path":"/Users/ahmedaren/meet/src/mock-data.js","statementMap":{"0":{"start":{"line":1,"column":17},"end":{"line":1146,"column":1}}},"fnMap":{},"branchMap":{},"s":{"0":4},"f":{},"b":{},"_coverageSchema":"1a1c01bbd47fc00a2c39e90264f33305004495a9","hash":"4fed78bbb697efa3eaa8189dfe964cec3b6c8298"}
,"/Users/ahmedaren/meet/src/components/CitySearch.jsx": {"path":"/Users/ahmedaren/meet/src/components/CitySearch.jsx","statementMap":{"0":{"start":{"line":3,"column":19},"end":{"line":52,"column":2}},"1":{"start":{"line":4,"column":50},"end":{"line":4,"column":65}},"2":{"start":{"line":5,"column":30},"end":{"line":5,"column":42}},"3":{"start":{"line":6,"column":40},"end":{"line":6,"column":52}},"4":{"start":{"line":8,"column":2},"end":{"line":10,"column":26}},"5":{"start":{"line":9,"column":4},"end":{"line":9,"column":33}},"6":{"start":{"line":12,"column":29},"end":{"line":19,"column":3}},"7":{"start":{"line":13,"column":18},"end":{"line":13,"column":36}},"8":{"start":{"line":14,"column":30},"end":{"line":16,"column":11}},"9":{"start":{"line":15,"column":6},"end":{"line":15,"column":70}},"10":{"start":{"line":17,"column":4},"end":{"line":17,"column":20}},"11":{"start":{"line":18,"column":4},"end":{"line":18,"column":38}},"12":{"start":{"line":22,"column":28},"end":{"line":27,"column":3}},"13":{"start":{"line":23,"column":18},"end":{"line":23,"column":42}},"14":{"start":{"line":24,"column":4},"end":{"line":24,"column":20}},"15":{"start":{"line":25,"column":4},"end":{"line":25,"column":30}},"16":{"start":{"line":26,"column":4},"end":{"line":26,"column":26}},"17":{"start":{"line":29,"column":2},"end":{"line":51,"column":3}},"18":{"start":{"line":36,"column":27},"end":{"line":36,"column":51}},"19":{"start":{"line":42,"column":9},"end":{"line":42,"column":82}}},"fnMap":{"0":{"name":"(anonymous_0)","decl":{"start":{"line":3,"column":19},"end":{"line":3,"column":20}},"loc":{"start":{"line":3,"column":55},"end":{"line":52,"column":2}},"line":3},"1":{"name":"(anonymous_1)","decl":{"start":{"line":8,"column":12},"end":{"line":8,"column":13}},"loc":{"start":{"line":8,"column":18},"end":{"line":10,"column":3}},"line":8},"2":{"name":"(anonymous_2)","decl":{"start":{"line":12,"column":29},"end":{"line":12,"column":30}},"loc":{"start":{"line":12,"column":40},"end":{"line":19,"column":3}},"line":12},"3":{"name":"(anonymous_3)","decl":{"start":{"line":14,"column":65},"end":{"line":14,"column":66}},"loc":{"start":{"line":14,"column":79},"end":{"line":16,"column":5}},"line":14},"4":{"name":"(anonymous_4)","decl":{"start":{"line":22,"column":28},"end":{"line":22,"column":29}},"loc":{"start":{"line":22,"column":39},"end":{"line":27,"column":3}},"line":22},"5":{"name":"(anonymous_5)","decl":{"start":{"line":36,"column":21},"end":{"line":36,"column":22}},"loc":{"start":{"line":36,"column":27},"end":{"line":36,"column":51}},"line":36},"6":{"name":"(anonymous_6)","decl":{"start":{"line":41,"column":27},"end":{"line":41,"column":28}},"loc":{"start":{"line":41,"column":43},"end":{"line":43,"column":11}},"line":41}},"branchMap":{"0":{"loc":{"start":{"line":14,"column":30},"end":{"line":16,"column":11}},"type":"cond-expr","locations":[{"start":{"line":14,"column":45},"end":{"line":16,"column":6}},{"start":{"line":16,"column":9},"end":{"line":16,"column":11}}],"line":14},"1":{"loc":{"start":{"line":39,"column":12},"end":{"line":48,"column":14}},"type":"cond-expr","locations":[{"start":{"line":40,"column":8},"end":{"line":47,"column":13}},{"start":{"line":48,"column":10},"end":{"line":48,"column":14}}],"line":39}},"s":{"0":3,"1":58,"2":58,"3":58,"4":58,"5":16,"6":58,"7":18,"8":18,"9":36,"10":18,"11":18,"12":58,"13":2,"14":2,"15":2,"16":2,"17":58,"18":5,"19":26},"f":{"0":58,"1":16,"2":18,"3":36,"4":2,"5":5,"6":26},"b":{"0":[18,0],"1":[23,35]},"_coverageSchema":"1a1c01bbd47fc00a2c39e90264f33305004495a9","hash":"3760c4de575172f6035e1aaae2f75d7b366b7d4d"}
,"/Users/ahmedaren/meet/src/components/Event.jsx": {"path":"/Users/ahmedaren/meet/src/components/Event.jsx","statementMap":{"0":{"start":{"line":4,"column":14},"end":{"line":25,"column":5}},"1":{"start":{"line":5,"column":37},"end":{"line":5,"column":52}},"2":{"start":{"line":7,"column":8},"end":{"line":24,"column":8}},"3":{"start":{"line":18,"column":14},"end":{"line":18,"column":73}}},"fnMap":{"0":{"name":"(anonymous_0)","decl":{"start":{"line":4,"column":14},"end":{"line":4,"column":15}},"loc":{"start":{"line":4,"column":25},"end":{"line":25,"column":5}},"line":4},"1":{"name":"(anonymous_1)","decl":{"start":{"line":17,"column":21},"end":{"line":17,"column":22}},"loc":{"start":{"line":17,"column":27},"end":{"line":19,"column":13}},"line":17}},"branchMap":{"0":{"loc":{"start":{"line":9,"column":15},"end":{"line":9,"column":37}},"type":"binary-expr","locations":[{"start":{"line":9,"column":15},"end":{"line":9,"column":20}},{"start":{"line":9,"column":24},"end":{"line":9,"column":37}}],"line":9},"1":{"loc":{"start":{"line":10,"column":14},"end":{"line":10,"column":37}},"type":"binary-expr","locations":[{"start":{"line":10,"column":14},"end":{"line":10,"column":19}},{"start":{"line":10,"column":23},"end":{"line":10,"column":37}}],"line":10},"2":{"loc":{"start":{"line":11,"column":14},"end":{"line":11,"column":60}},"type":"binary-expr","locations":[{"start":{"line":11,"column":14},"end":{"line":11,"column":19}},{"start":{"line":11,"column":23},"end":{"line":11,"column":60}}],"line":11},"3":{"loc":{"start":{"line":12,"column":11},"end":{"line":14,"column":18}},"type":"cond-expr","locations":[{"start":{"line":13,"column":12},"end":{"line":13,"column":95}},{"start":{"line":14,"column":14},"end":{"line":14,"column":18}}],"line":12},"4":{"loc":{"start":{"line":13,"column":64},"end":{"line":13,"column":90}},"type":"binary-expr","locations":[{"start":{"line":13,"column":64},"end":{"line":13,"column":69}},{"start":{"line":13,"column":73},"end":{"line":13,"column":90}}],"line":13},"5":{"loc":{"start":{"line":18,"column":14},"end":{"line":18,"column":72}},"type":"cond-expr","locations":[{"start":{"line":18,"column":28},"end":{"line":18,"column":49}},{"start":{"line":18,"column":52},"end":{"line":18,"column":72}}],"line":18},"6":{"loc":{"start":{"line":21,"column":13},"end":{"line":21,"column":58}},"type":"cond-expr","locations":[{"start":{"line":21,"column":27},"end":{"line":21,"column":41}},{"start":{"line":21,"column":44},"end":{"line":21,"column":58}}],"line":21}},"s":{"0":4,"1":140,"2":140,"3":3},"f":{"0":140,"1":3},"b":{"0":[140,140],"1":[140,140],"2":[140,140],"3":[2,138],"4":[2,2],"5":[1,2],"6":[2,138]},"_coverageSchema":"1a1c01bbd47fc00a2c39e90264f33305004495a9","hash":"103e11aa095dddb672f445968c4fd983e2bfb261"}
,"/Users/ahmedaren/meet/src/components/EventList.jsx": {"path":"/Users/ahmedaren/meet/src/components/EventList.jsx","statementMap":{"0":{"start":{"line":4,"column":18},"end":{"line":12,"column":1}},"1":{"start":{"line":5,"column":1},"end":{"line":11,"column":3}},"2":{"start":{"line":8,"column":28},"end":{"line":8,"column":66}}},"fnMap":{"0":{"name":"(anonymous_0)","decl":{"start":{"line":4,"column":18},"end":{"line":4,"column":19}},"loc":{"start":{"line":4,"column":34},"end":{"line":12,"column":1}},"line":4},"1":{"name":"(anonymous_1)","decl":{"start":{"line":8,"column":17},"end":{"line":8,"column":18}},"loc":{"start":{"line":8,"column":28},"end":{"line":8,"column":66}},"line":8}},"branchMap":{"0":{"loc":{"start":{"line":7,"column":4},"end":{"line":9,"column":10}},"type":"cond-expr","locations":[{"start":{"line":8,"column":6},"end":{"line":8,"column":67}},{"start":{"line":9,"column":6},"end":{"line":9,"column":10}}],"line":7}},"s":{"0":3,"1":14,"2":131},"f":{"0":14,"1":131},"b":{"0":[12,2]},"_coverageSchema":"1a1c01bbd47fc00a2c39e90264f33305004495a9","hash":"8fcb36899ec1c2f4f129fde50c7d701d971d4647"}
,"/Users/ahmedaren/meet/src/components/NumberOfEvents.jsx": {"path":"/Users/ahmedaren/meet/src/components/NumberOfEvents.jsx","statementMap":{"0":{"start":{"line":4,"column":23},"end":{"line":36,"column":1}},"1":{"start":{"line":5,"column":29},"end":{"line":5,"column":49}},"2":{"start":{"line":7,"column":28},"end":{"line":18,"column":2}},"3":{"start":{"line":8,"column":16},"end":{"line":8,"column":34}},"4":{"start":{"line":9,"column":2},"end":{"line":9,"column":19}},"5":{"start":{"line":10,"column":2},"end":{"line":17,"column":3}},"6":{"start":{"line":11,"column":3},"end":{"line":11,"column":41}},"7":{"start":{"line":12,"column":9},"end":{"line":17,"column":3}},"8":{"start":{"line":13,"column":3},"end":{"line":13,"column":50}},"9":{"start":{"line":15,"column":3},"end":{"line":15,"column":21}},"10":{"start":{"line":16,"column":3},"end":{"line":16,"column":24}},"11":{"start":{"line":21,"column":1},"end":{"line":35,"column":3}}},"fnMap":{"0":{"name":"(anonymous_0)","decl":{"start":{"line":4,"column":23},"end":{"line":4,"column":24}},"loc":{"start":{"line":4,"column":73},"end":{"line":36,"column":1}},"line":4},"1":{"name":"(anonymous_1)","decl":{"start":{"line":7,"column":28},"end":{"line":7,"column":29}},"loc":{"start":{"line":7,"column":39},"end":{"line":18,"column":2}},"line":7}},"branchMap":{"0":{"loc":{"start":{"line":10,"column":2},"end":{"line":17,"column":3}},"type":"if","locations":[{"start":{"line":10,"column":2},"end":{"line":17,"column":3}},{"start":{"line":12,"column":9},"end":{"line":17,"column":3}}],"line":10},"1":{"loc":{"start":{"line":10,"column":6},"end":{"line":10,"column":32}},"type":"binary-expr","locations":[{"start":{"line":10,"column":6},"end":{"line":10,"column":18}},{"start":{"line":10,"column":22},"end":{"line":10,"column":32}}],"line":10},"2":{"loc":{"start":{"line":12,"column":9},"end":{"line":17,"column":3}},"type":"if","locations":[{"start":{"line":12,"column":9},"end":{"line":17,"column":3}},{"start":{"line":14,"column":9},"end":{"line":17,"column":3}}],"line":12}},"s":{"0":4,"1":17,"2":17,"3":3,"4":3,"5":3,"6":1,"7":2,"8":0,"9":2,"10":2,"11":17},"f":{"0":17,"1":3},"b":{"0":[1,2],"1":[3,3],"2":[0,2]},"_coverageSchema":"1a1c01bbd47fc00a2c39e90264f33305004495a9","hash":"40cba8fe9b2584a773201004a9cebf48ac4abe73"}
}
