TN:
SF:src/App.jsx
FN:11,(anonymous_0)
FN:17,(anonymous_1)
FN:21,(anonymous_2)
FN:26,(anonymous_3)
FNF:4
FNH:4
FNDA:12,(anonymous_0)
FNDA:7,(anonymous_1)
FNDA:7,(anonymous_2)
FNDA:29,(anonymous_3)
DA:11,3
DA:12,12
DA:13,11
DA:14,11
DA:15,11
DA:17,11
DA:18,7
DA:21,11
DA:22,7
DA:23,7
DA:24,7
DA:26,29
DA:27,7
DA:28,7
DA:31,11
LF:15
LH:15
BRDA:23,0,0,7
BRDA:23,0,1,0
BRDA:24,1,0,6
BRDA:24,1,1,1
BRF:4
BRH:3
end_of_record
TN:
SF:src/api.js
FN:12,(anonymous_0)
FN:13,(anonymous_1)
FN:23,(anonymous_2)
FNF:3
FNH:3
FNDA:10,(anonymous_0)
FNDA:262,(anonymous_1)
FNDA:18,(anonymous_2)
DA:12,4
DA:13,262
DA:14,10
DA:15,10
DA:23,4
DA:24,18
LF:6
LH:6
BRF:0
BRH:0
end_of_record
TN:
SF:src/mock-data.js
FNF:0
FNH:0
DA:1,4
LF:1
LH:1
BRF:0
BRH:0
end_of_record
TN:
SF:src/components/CitySearch.jsx
FN:3,(anonymous_0)
FN:8,(anonymous_1)
FN:12,(anonymous_2)
FN:14,(anonymous_3)
FN:22,(anonymous_4)
FN:36,(anonymous_5)
FN:41,(anonymous_6)
FNF:7
FNH:7
FNDA:58,(anonymous_0)
FNDA:16,(anonymous_1)
FNDA:18,(anonymous_2)
FNDA:36,(anonymous_3)
FNDA:2,(anonymous_4)
FNDA:5,(anonymous_5)
FNDA:26,(anonymous_6)
DA:3,3
DA:4,58
DA:5,58
DA:6,58
DA:8,58
DA:9,16
DA:12,58
DA:13,18
DA:14,18
DA:15,36
DA:17,18
DA:18,18
DA:22,58
DA:23,2
DA:24,2
DA:25,2
DA:26,2
DA:29,58
DA:36,5
DA:42,26
LF:20
LH:20
BRDA:14,0,0,18
BRDA:14,0,1,0
BRDA:39,1,0,23
BRDA:39,1,1,35
BRF:4
BRH:3
end_of_record
TN:
SF:src/components/Event.jsx
FN:4,(anonymous_0)
FN:17,(anonymous_1)
FNF:2
FNH:2
FNDA:140,(anonymous_0)
FNDA:3,(anonymous_1)
DA:4,4
DA:5,140
DA:7,140
DA:18,3
LF:4
LH:4
BRDA:9,0,0,140
BRDA:9,0,1,140
BRDA:10,1,0,140
BRDA:10,1,1,140
BRDA:11,2,0,140
BRDA:11,2,1,140
BRDA:12,3,0,2
BRDA:12,3,1,138
BRDA:13,4,0,2
BRDA:13,4,1,2
BRDA:18,5,0,1
BRDA:18,5,1,2
BRDA:21,6,0,2
BRDA:21,6,1,138
BRF:14
BRH:14
end_of_record
TN:
SF:src/components/EventList.jsx
FN:4,(anonymous_0)
FN:8,(anonymous_1)
FNF:2
FNH:2
FNDA:14,(anonymous_0)
FNDA:131,(anonymous_1)
DA:4,3
DA:5,14
DA:8,131
LF:3
LH:3
BRDA:7,0,0,12
BRDA:7,0,1,2
BRF:2
BRH:2
end_of_record
TN:
SF:src/components/NumberOfEvents.jsx
FN:4,(anonymous_0)
FN:7,(anonymous_1)
FNF:2
FNH:2
FNDA:17,(anonymous_0)
FNDA:3,(anonymous_1)
DA:4,4
DA:5,17
DA:7,17
DA:8,3
DA:9,3
DA:10,3
DA:11,1
DA:12,2
DA:13,0
DA:15,2
DA:16,2
DA:21,17
LF:12
LH:11
BRDA:10,0,0,1
BRDA:10,0,1,2
BRDA:10,1,0,3
BRDA:10,1,1,3
BRDA:12,2,0,0
BRDA:12,2,1,2
BRF:6
BRH:5
end_of_record
