TN:
SF:src/App.jsx
FN:6,(anonymous_0)
FNF:1
FNH:1
FNDA:3,(anonymous_0)
DA:6,1
DA:7,3
LF:2
LH:2
BRF:0
BRH:0
end_of_record
TN:
SF:src/api.js
FN:12,(anonymous_0)
FN:13,(anonymous_1)
FN:23,(anonymous_2)
FNF:3
FNH:3
FNDA:2,(anonymous_0)
FNDA:58,(anonymous_1)
FNDA:10,(anonymous_2)
DA:12,4
DA:13,58
DA:14,2
DA:15,2
DA:23,4
DA:24,10
LF:6
LH:6
BRF:0
BRH:0
end_of_record
TN:
SF:src/mock-data.js
FNF:0
FNH:0
DA:1,4
LF:1
LH:1
BRF:0
BRH:0
end_of_record
TN:
SF:src/components/CitySearch.jsx
FN:4,(anonymous_0)
FN:9,(anonymous_1)
FN:11,(anonymous_2)
FN:18,(anonymous_3)
FN:31,(anonymous_4)
FN:36,(anonymous_5)
FNF:6
FNH:6
FNDA:33,(anonymous_0)
FNDA:18,(anonymous_1)
FNDA:24,(anonymous_2)
FNDA:1,(anonymous_3)
FNDA:4,(anonymous_4)
FNDA:12,(anonymous_5)
DA:4,2
DA:5,33
DA:6,33
DA:7,33
DA:9,33
DA:10,18
DA:11,18
DA:12,24
DA:15,18
DA:16,18
DA:18,33
DA:19,1
DA:20,1
DA:21,1
DA:24,33
DA:31,4
DA:37,12
LF:17
LH:17
BRDA:11,0,0,12
BRDA:11,0,1,6
BRDA:34,1,0,22
BRDA:34,1,1,11
BRF:4
BRH:4
end_of_record
TN:
SF:src/components/Event.jsx
FN:4,(anonymous_0)
FN:15,(anonymous_1)
FNF:2
FNH:2
FNDA:10,(anonymous_0)
FNDA:3,(anonymous_1)
DA:4,3
DA:5,10
DA:7,10
DA:15,3
LF:4
LH:4
BRDA:17,0,0,2
BRDA:17,0,1,8
BRDA:20,1,0,10
BRDA:20,1,1,2
BRF:4
BRH:4
end_of_record
TN:
SF:src/components/EventList.js
FN:4,(anonymous_0)
FN:8,(anonymous_1)
FNF:2
FNH:2
FNDA:6,(anonymous_0)
FNDA:1,(anonymous_1)
DA:4,2
DA:5,6
DA:8,1
LF:3
LH:3
BRDA:7,0,0,1
BRDA:7,0,1,5
BRF:2
BRH:2
end_of_record
TN:
SF:src/components/NumberOfEvents.js
FN:4,(anonymous_0)
FN:7,(anonymous_1)
FNF:2
FNH:2
FNDA:6,(anonymous_0)
FNDA:3,(anonymous_1)
DA:4,1
DA:5,6
DA:7,6
DA:8,3
DA:9,3
DA:10,3
DA:11,1
DA:12,2
DA:13,0
DA:15,2
DA:16,2
DA:20,6
LF:12
LH:11
BRDA:10,0,0,1
BRDA:10,0,1,2
BRDA:10,1,0,3
BRDA:10,1,1,3
BRDA:12,2,0,0
BRDA:12,2,1,2
BRF:6
BRH:5
end_of_record
